<?xml version="1.0" encoding="UTF-8"?>
<!-- Generated by org.testng.reporters.JUnitReportReporter -->
<testsuite hostname="Dell-PC" name="com.orangehrm.tests.LoginTest" tests="5" failures="0" timestamp="26 Jun 2019 03:40:00 GMT" time="49.380" errors="0">
  <testcase name="verifyLoginWithBlankUserName" time="6.358" classname="com.orangehrm.tests.LoginTest"/>
  <testcase name="verifyLoginWithBlankPassword" time="6.979" classname="com.orangehrm.tests.LoginTest"/>
  <testcase name="verifyAllFooterLinks" time="21.435" classname="com.orangehrm.tests.LoginTest"/>
  <testcase name="verifyFooterText" time="6.673" classname="com.orangehrm.tests.LoginTest"/>
  <testcase name="verifyLoginWithInvalidCredentials" time="7.935" classname="com.orangehrm.tests.LoginTest"/>
</testsuite> <!-- com.orangehrm.tests.LoginTest -->
